<?xml version="1.0" encoding="UTF-8"?>
<!-- Generated by org.testng.reporters.JUnitXMLReporter -->
<testsuite hostname="LAPTOP-TLVMSCAM" ignored="1" name="Default test" tests="4" failures="0" timestamp="2020-02-08T14:33:36 IST" time="112.224" errors="0">
  <testcase name="creatContactsTest" time="7.006" classname="com.qa.hubspot.tests.ContactsPageTest"/>
  <testcase name="creatContactsTest" time="4.961" classname="com.qa.hubspot.tests.ContactsPageTest"/>
  <testcase name="creatContactsTest" time="3.29" classname="com.qa.hubspot.tests.ContactsPageTest"/>
  <testcase name="creatContactsTest" time="4.834" classname="com.qa.hubspot.tests.ContactsPageTest"/>
  <testcase name="verifyContactsPageTitle" time="0.0" classname="com.qa.hubspot.tests.ContactsPageTest">
    <ignored/>
  </testcase> <!-- verifyContactsPageTitle -->
</testsuite> <!-- Default test -->
